<?xml version="1.0" encoding="UTF-8"?>
<!-- Generated by org.testng.reporters.JUnitReportReporter -->
<testsuite hostname="LTIN280691" failures="0" tests="11" name="Mainpage.UpcomingHondaBikes" time="154.160" errors="0" timestamp="2024-02-20T10:18:29 IST" skipped="0">
  <testcase classname="Mainpage.UpcomingHondaBikes" name="NewBikes" time="42.835"/>
  <testcase classname="Mainpage.UpcomingHondaBikes" name="ManufacturerDrop" time="1.618"/>
  <testcase classname="Mainpage.UpcomingHondaBikes" name="ClickHonda" time="42.535"/>
  <testcase classname="Mainpage.UpcomingHondaBikes" name="Viewmore" time="0.581"/>
  <testcase classname="Mainpage.UpcomingHondaBikes" name="ModelName" time="4.930"/>
  <testcase classname="Mainpage.UpcomingHondaBikes" name="Usedcars" time="1.046"/>
  <testcase classname="Mainpage.UpcomingHondaBikes" name="clickChennai" time="40.806"/>
  <testcase classname="Mainpage.UpcomingHondaBikes" name="GetCarBrands" time="6.347"/>
  <testcase classname="Mainpage.UpcomingHondaBikes" name="login" time="0.225"/>
  <testcase classname="Mainpage.UpcomingHondaBikes" name="Google" time="5.444"/>
  <testcase classname="Mainpage.UpcomingHondaBikes" name="email" time="7.793"/>
</testsuite> <!-- Mainpage.UpcomingHondaBikes -->
