<?xml version="1.0" encoding="UTF-8"?>
<!-- Generated by org.testng.reporters.JUnitReportReporter -->
<testsuite hostname="LTIN314441" failures="0" tests="14" name="bikesMain.DisplayNewBikes" time="32.860" errors="0" timestamp="2024-03-06T01:28:46 IST" skipped="0">
  <testcase classname="bikesMain.DisplayNewBikes" name="NewBikes" time="1.390"/>
  <system-out/>
  <testcase classname="bikesMain.DisplayNewBikes" name="UpcomingBikes" time="2.302"/>
  <system-out/>
  <testcase classname="bikesMain.DisplayNewBikes" name="ManufacturerDrop" time="2.629"/>
  <system-out/>
  <testcase classname="bikesMain.DisplayNewBikes" name="ClickHonda" time="0.685"/>
  <system-out/>
  <testcase classname="bikesMain.DisplayNewBikes" name="Viewmore" time="0.663"/>
  <system-out/>
  <testcase classname="bikesMain.DisplayNewBikes" name="ModelName" time="1.534"/>
  <system-out/>
  <testcase classname="bikesMain.DisplayNewBikes" name="Usedcars" time="0.681"/>
  <system-out/>
  <testcase classname="bikesMain.DisplayNewBikes" name="clickChennai" time="5.784"/>
  <system-out/>
  <testcase classname="bikesMain.DisplayNewBikes" name="GetCarBrands" time="2.606"/>
  <system-out/>
  <testcase classname="bikesMain.DisplayNewBikes" name="login" time="0.295"/>
  <system-out/>
  <testcase classname="bikesMain.DisplayNewBikes" name="Google" time="5.298"/>
  <system-out/>
  <testcase classname="bikesMain.DisplayNewBikes" name="Lognwndw" time="4.593"/>
  <system-out/>
  <testcase classname="bikesMain.DisplayNewBikes" name="EnterDetails" time="3.281"/>
  <system-out/>
  <testcase classname="bikesMain.DisplayNewBikes" name="ErrorMsg" time="1.119"/>
  <system-out/>
</testsuite> <!-- bikesMain.DisplayNewBikes -->
